#
# A fatal error has been detected by the Java Runtime Environment:
#
#  Internal Error (javaClasses.cpp:136), pid=6832, tid=4260
#  fatal error: Invalid layout of preloaded class
#
# JRE version:  (7.0_45-b18) (build )
# Java VM: Java HotSpot(TM) 64-Bit Server VM (24.45-b08 mixed mode windows-amd64 compressed oops)
# Failed to write core dump. Minidumps are not enabled by default on client versions of Windows
#
# If you would like to submit a bug report, please visit:
#   http://bugreport.sun.com/bugreport/crash.jsp
#

---------------  T H R E A D  ---------------

Current thread (0x000000000215f000):  JavaThread "Unknown thread" [_thread_in_vm, id=4260, stack(0x0000000002440000,0x0000000002540000)]

Stack: [0x0000000002440000,0x0000000002540000]

---------------  P R O C E S S  ---------------

Java Threads: ( => current thread )

Other Threads:

=>0x000000000215f000 (exited) JavaThread "Unknown thread" [_thread_in_vm, id=4260, stack(0x0000000002440000,0x0000000002540000)]

VM state:not at safepoint (not fully initialized)

VM Mutex/Monitor currently owned by a thread: None

GC Heap History (0 events):
No events

Deoptimization events (0 events):
No events

Internal exceptions (0 events):
No events

Events (10 events):
Event: 0.012 loading class 0x00000000021ddfe0 done
Event: 0.013 loading class 0x00000000021dda00 done
Event: 0.013 loading class 0x00000000021dd9e0
Event: 0.013 loading class 0x00000000021e5ae0
Event: 0.013 loading class 0x00000000021e5ae0 done
Event: 0.013 loading class 0x00000000021e5b10
Event: 0.013 loading class 0x00000000021e5b10 done
Event: 0.013 loading class 0x00000000021e5b40
Event: 0.013 loading class 0x00000000021e5b40 done
Event: 0.013 loading class 0x00000000021dd9e0 done


Dynamic libraries:
0x000000013f420000 - 0x000000013f453000 	D:\Program Files (x86)\Java\jdk1.7.0_45\bin\javaw.exe
0x0000000076ff0000 - 0x0000000077199000 	P:\Windows\SYSTEM32\ntdll.dll
0x0000000076dd0000 - 0x0000000076eef000 	P:\Windows\system32\kernel32.dll
0x000007fefd0d0000 - 0x000007fefd13b000 	P:\Windows\system32\KERNELBASE.dll
0x000007fefe440000 - 0x000007fefe51b000 	P:\Windows\system32\ADVAPI32.dll
0x000007fefe0f0000 - 0x000007fefe18f000 	P:\Windows\system32\msvcrt.dll
0x000007fefd8b0000 - 0x000007fefd8cf000 	P:\Windows\SYSTEM32\sechost.dll
0x000007fefdb60000 - 0x000007fefdc8d000 	P:\Windows\system32\RPCRT4.dll
0x0000000076ef0000 - 0x0000000076fea000 	P:\Windows\system32\USER32.dll
0x000007fefdaf0000 - 0x000007fefdb57000 	P:\Windows\system32\GDI32.dll
0x000007fefd8d0000 - 0x000007fefd8de000 	P:\Windows\system32\LPK.dll
0x000007fefde70000 - 0x000007fefdf39000 	P:\Windows\system32\USP10.dll
0x000007fefb790000 - 0x000007fefb984000 	P:\Windows\WinSxS\amd64_microsoft.windows.common-controls_6595b64144ccf1df_6.0.7601.17514_none_fa396087175ac9ac\COMCTL32.dll
0x000007fefe190000 - 0x000007fefe201000 	P:\Windows\system32\SHLWAPI.dll
0x000007fefd620000 - 0x000007fefd64e000 	P:\Windows\system32\IMM32.DLL
0x000007fefdf40000 - 0x000007fefe049000 	P:\Windows\system32\MSCTF.dll
0x000000006cb40000 - 0x000000006cc12000 	D:\Program Files (x86)\Java\jdk1.7.0_45\jre\bin\msvcr100.dll
0x0000000063260000 - 0x0000000063a29000 	D:\Program Files (x86)\Java\jdk1.7.0_45\jre\bin\server\jvm.dll
0x000007fef03b0000 - 0x000007fef03b9000 	P:\Windows\system32\WSOCK32.dll
0x000007feff2b0000 - 0x000007feff2fd000 	P:\Windows\system32\WS2_32.dll
0x000007fefd310000 - 0x000007fefd318000 	P:\Windows\system32\NSI.dll
0x000007fefad90000 - 0x000007fefadcb000 	P:\Windows\system32\WINMM.dll
0x00000000771b0000 - 0x00000000771b7000 	P:\Windows\system32\PSAPI.DLL
0x0000000074b50000 - 0x0000000074b5f000 	D:\Program Files (x86)\Java\jdk1.7.0_45\jre\bin\verify.dll
0x0000000073c80000 - 0x0000000073ca8000 	D:\Program Files (x86)\Java\jdk1.7.0_45\jre\bin\java.dll
0x0000000073c60000 - 0x0000000073c75000 	D:\Program Files (x86)\Java\jdk1.7.0_45\jre\bin\zip.dll

VM Arguments:
jvm_args: -Dfile.encoding=Cp1252 -Xbootclasspath:D:\PROJECT\ANDROID\adt-bundle-windows-x86_64-20131030\sdk\platforms\android-19\android.jar;D:\PROJECT\ANDROID\adt-bundle-windows-x86_64-20131030\sdk\add-ons\addon-google_apis-google-19-1\libs\effects.jar;D:\PROJECT\ANDROID\adt-bundle-windows-x86_64-20131030\sdk\add-ons\addon-google_apis-google-19-1\libs\usb.jar;D:\PROJECT\ANDROID\adt-bundle-windows-x86_64-20131030\sdk\add-ons\addon-google_apis-google-19-1\libs\maps.jar 
java_command: com.hp.map.ThreatRealtime
Launcher Type: SUN_STANDARD

Environment Variables:
PATH=D:/Program Files (x86)/Java/jdk1.7.0_45/bin/../jre/bin/server;D:/Program Files (x86)/Java/jdk1.7.0_45/bin/../jre/bin;D:/Program Files (x86)/Java/jdk1.7.0_45/bin/../jre/lib/amd64;P:\Program Files (x86)\AMD APP\bin\x86_64;P:\Program Files (x86)\AMD APP\bin\x86;P:\Windows\system32;P:\Windows;P:\Windows\System32\Wbem;P:\Windows\System32\WindowsPowerShell\v1.0\;P:\Program Files (x86)\ATI Technologies\ATI.ACE\Core-Static;P:\Program Files\Microsoft SQL Server\110\Tools\Binn\;P:\Program Files (x86)\Git\cmd;D:\Program Files (x86)\Java\jdk1.7.0_45\bin;P:\Program Files (x86)\Microsoft SQL Server\110\Tools\Binn\;P:\Program Files\Microsoft SQL Server\110\DTS\Binn\;P:\Program Files (x86)\Microsoft SQL Server\110\Tools\Binn\ManagementStudio\;P:\Program Files (x86)\Microsoft SQL Server\110\DTS\Binn\;P:\Program Files\nodejs\;P:\Users\HP\AppData\Roaming\npm;D:\PROJECT\ANDROID\adt-bundle-windows-x86_64-20131030\eclipse;
USERNAME=HP
OS=Windows_NT
PROCESSOR_IDENTIFIER=Intel64 Family 6 Model 42 Stepping 7, GenuineIntel



---------------  S Y S T E M  ---------------

OS: Windows 7 , 64 bit Build 7601 Service Pack 1

CPU:total 4 (2 cores per cpu, 2 threads per core) family 6 model 42 stepping 7, cmov, cx8, fxsr, mmx, sse, sse2, sse3, ssse3, sse4.1, sse4.2, popcnt, avx, aes, ht, tsc, tscinvbit

Memory: 4k page, physical 4163952k(938748k free), swap 8326060k(3179604k free)

vm_info: Java HotSpot(TM) 64-Bit Server VM (24.45-b08) for windows-amd64 JRE (1.7.0_45-b18), built on Oct  8 2013 05:47:22 by "java_re" with unknown MS VC++:1600

time: Thu Mar 27 07:21:30 2014
elapsed time: 0 seconds

